 접속한 클라이언트 IP : 0:0:0:0:0:0:0:1
 접근한 URL 경로 : /bookmarket/books.jsp
 요청 처리 시작 시각 : 2026/05/18 17:40:36
 요청 처리 종료 시각 : 2026/05/18 17:40:36
 요청 처리 소요 시간 : 24ms
 =============================================
 접속한 클라이언트 IP : 0:0:0:0:0:0:0:1
 접근한 URL 경로 : /bookmarket/addBook.jsp
 요청 처리 시작 시각 : 2026/05/18 17:41:47
 요청 처리 종료 시각 : 2026/05/18 17:41:48
 요청 처리 소요 시간 : 133ms
 =============================================
 접속한 클라이언트 IP : 0:0:0:0:0:0:0:1
 접근한 URL 경로 : /bookmarket/processAddBook.jsp
 요청 처리 시작 시각 : 2026/05/18 17:42:15
 요청 처리 종료 시각 : 2026/05/18 17:42:15
 요청 처리 소요 시간 : 64ms
 =============================================
 접속한 클라이언트 IP : 0:0:0:0:0:0:0:1
 접근한 URL 경로 : /bookmarket/books.jsp
 요청 처리 시작 시각 : 2026/05/18 17:42:15
 요청 처리 종료 시각 : 2026/05/18 17:42:15
 요청 처리 소요 시간 : 1ms
 =============================================
 접속한 클라이언트 IP : 0:0:0:0:0:0:0:1
 접근한 URL 경로 : /bookmarket/resources/images/
 요청 처리 시작 시각 : 2026/05/18 17:42:15
 요청 처리 종료 시각 : 2026/05/18 17:42:15
 요청 처리 소요 시간 : 1ms
 =============================================
 접속한 클라이언트 IP : 0:0:0:0:0:0:0:1
 접근한 URL 경로 : /bookmarket/books.jsp
 요청 처리 시작 시각 : 2026/05/18 17:43:09
 요청 처리 종료 시각 : 2026/05/18 17:43:09
 요청 처리 소요 시간 : 2ms
 =============================================
 접속한 클라이언트 IP : 0:0:0:0:0:0:0:1
 접근한 URL 경로 : /bookmarket/resources/images/
 요청 처리 시작 시각 : 2026/05/18 17:43:09
 요청 처리 종료 시각 : 2026/05/18 17:43:09
 요청 처리 소요 시간 : 0ms
 =============================================
